<?xml version="1.0" encoding="UTF-8"?>
<!-- Generated by org.testng.reporters.JUnitReportReporter -->
<testsuite skipped="0" hostname="DESKTOP-06ORRVH" name="testNGClasses.TestNGClass1" tests="1" failures="0" timestamp="16 Aug 2019 15:45:24 GMT" time="13.577" errors="0">
  <testcase name="VerifyLogin" time="13.577" classname="testNGClasses.TestNGClass1"/>
</testsuite> <!-- testNGClasses.TestNGClass1 -->
