<?xml version="1.0" encoding="UTF-8"?>
<!-- Generated by org.testng.reporters.JUnitReportReporter -->
<testsuite skipped="0" hostname="DESKTOP-06ORRVH" name="practiceSessions.MouseHover" tests="1" failures="0" timestamp="27 Aug 2019 17:32:17 GMT" time="22.342" errors="0">
  <testcase name="MouseHover" time="22.342" classname="practiceSessions.MouseHover"/>
</testsuite> <!-- practiceSessions.MouseHover -->
