<?xml version="1.0" encoding="UTF-8"?>
<!-- Generated by org.testng.reporters.JUnitReportReporter -->
<testsuite skipped="0" hostname="DESKTOP-06ORRVH" name="practiceSessions.Practice" tests="1" failures="0" timestamp="28 Aug 2019 14:53:06 GMT" time="96.164" errors="0">
  <testcase name="keybrdActions" time="96.164" classname="practiceSessions.Practice"/>
</testsuite> <!-- practiceSessions.Practice -->
