<?xml version="1.0" encoding="UTF-8"?>
<!-- Generated by org.testng.reporters.JUnitReportReporter -->
<testsuite skipped="0" hostname="DESKTOP-06ORRVH" name="practiceSessions.AutoIT" tests="1" failures="0" timestamp="05 Sep 2019 17:25:44 GMT" time="14.867" errors="0">
  <testcase name="MouseHover" time="14.867" classname="practiceSessions.AutoIT"/>
</testsuite> <!-- practiceSessions.AutoIT -->
