<?xml version="1.0" encoding="UTF-8"?>
<!-- Generated by org.testng.reporters.JUnitReportReporter -->
<testsuite skipped="0" hostname="DESKTOP-06ORRVH" name="practiceSessions.JavaScriptExecutor" tests="1" failures="0" timestamp="27 Aug 2019 14:22:35 GMT" time="19.310" errors="0">
  <testcase name="Scrollintoview" time="19.310" classname="practiceSessions.JavaScriptExecutor"/>
</testsuite> <!-- practiceSessions.JavaScriptExecutor -->
